This is TeX, C Version 3.14t3 (format=lplain 93.11.24)  20 OCT 1994 20:15
**paper
(paper.tex
LaTeX Version 2.09 <25 March 1992>
(/usr/local/dist/DIR/TeX/lib/inputs/latex/article.sty
Standard Document Style `article' <14 Jan 92>.
(/usr/local/dist/DIR/TeX/lib/inputs/latex/art10.sty)
\c@part=\count79
\c@section=\count80
\c@subsection=\count81
\c@subsubsection=\count82
\c@paragraph=\count83
\c@subparagraph=\count84
\c@figure=\count85
\c@table=\count86

(/usr/local/dist/DIR/TeX/lib/inputs/latex/twocolum.sty)) (alltt.sty)
(/usr/local/dist/DIR/TeX/lib/inputs/latex/fleqn.sty
Document style option `fleqn' - Released 04 Nov 91
\mathindent=\dimen99
) (layout.sty) (paper.aux) (macros.tex
\hsbw=\skip41
\c@sessioncount=\count87
) [1



] [2] [3] [4] [5] [6] [7] [8]
(paper.aux) ) 
Here is how much of TeX's memory you used:
 321 strings out of 4279
 2910 string characters out of 50686
 40064 words of memory out of 700001
 2434 multiletter control sequences out of 9500
 14898 words of font info for 57 fonts, out of 72000 for 255
 14 hyphenation exceptions out of 607
 16i,19n,17p,161b,395s stack positions out of 300i,40n,60p,3000b,4000s

Output written on paper.dvi (8 pages, 47528 bytes).
