This is TeX, C Version 3.14t3 (format=lplain 93.11.24)  20 OCT 1994 06:21
**window.tex
(window.tex
LaTeX Version 2.09 <25 March 1992>
(/usr/local/dist/DIR/TeX/lib/inputs/latex/book.sty
Standard Document Style `book' <14 Jan 92>.
(/usr/local/dist/DIR/TeX/lib/inputs/latex/bk12.sty)
\descriptionmargin=\dimen99
\c@part=\count79
\c@chapter=\count80
\c@section=\count81
\c@subsection=\count82
\c@subsubsection=\count83
\c@paragraph=\count84
\c@subparagraph=\count85
\c@figure=\count86
\c@table=\count87
)
(/usr/local/dist/DIR/TeX/lib/inputs/latex/fleqn.sty
Document style option `fleqn' - Released 04 Nov 91
\mathindent=\dimen100
) (../../../Manual/LaTeX/alltt.sty) (../../../Manual/LaTeX/layout.sty
\temp=\box25
\@myenumdepth=\count88
\c@myenumi=\count89
)
(../../../Manual/LaTeX/commands.tex
\minipagewidth=\skip41
\hsbw=\skip42
\c@sessioncount=\count90
) (../../../Manual/LaTeX/ref-macros.tex)
\@indexfile=\write3

Writing index file window.idx 
(window.aux (title.aux) (description.aux) (entries.aux) (theorems.aux)
(index.aux)) (title.tex [1


] [2]) (window.toc)
\tf@toc=\write4
 [1


] (description.tex [2


]
Chapter 1.
[3] [4

]
Chapter 2.
[5] [6] [7] [8]
Underfull \vbox (badness 1496) has occurred while \output is active
\vbox(640.187+0.0)x455.24408, glue set 2.46582
.\glue(\topskip) 0.00002
.\hbox(11.99998+3.35999)x455.24408, glue set 232.2983fil
..\hbox(11.13599+0.0)x44.27995
...\glue 0.0
...\cmr/bx/n/17 2
...\cmr/bx/n/17 .
...\cmr/bx/n/17 4
...\glue 19.43999
..\cmr/bx/n/17 O
..\cmr/bx/n/17 p
..\kern0.54
..\cmr/bx/n/17 e
..etc.
.\mark{{{Chapter\ 2. \ The window Library}}{{2.4. \ Opening subwindows}}}
.\write2{\@writefile{toc}{\string\contentsline\space {section}{\string\numberl\
ETC.}
.\penalty 10000
.etc.

 [9]
[10] [11] [12] [13] [14] [15] [16] [17] [18] [19] [20]) [21] (entries.tex
[22



]
Chapter 3.
(entries-intro.tex) [23] [24] [25] [26] [27] [28] [29]
Underfull \vbox (badness 5548) has occurred while \output is active
\vbox(640.187+0.0)x455.24408, glue set 3.81557
.\glue(\topskip) 2.00002
.\hbox(9.99998+2.79999)x455.24408, glue set 393.79416fil
..\cmr/bx/n/14 E
..\cmr/bx/n/14 x
..\cmr/bx/n/14 a
..\cmr/bx/n/14 m
..\cmr/bx/n/14 p
..etc.
.\penalty 10000
.\glue(\parskip) 0.0 plus 1.0
.\penalty 10000
.etc.

 [30]
[31] [32] [33] [34] [35] [36] [37] [38] [39] [40] [41] [42] [43]
Underfull \vbox (badness 10000) has occurred while \output is active
\vbox(640.187+0.0)x455.24408, glue set 5.25636
.\glue(\topskip) 2.00002
.\hbox(9.99998+2.79999)x455.24408, glue set 394.31413fil
..\cmr/bx/n/14 S
..\cmr/bx/n/14 y
..\cmr/bx/n/14 n
..\cmr/bx/n/14 o
..\cmr/bx/n/14 p
..etc.
.\penalty 10000
.\glue(\parskip) 0.0 plus 1.0
.\glue(\baselineskip) 4.20001
.etc.

 [44]
[45] [46] [47] [48] [49] [50] [51] [52] [53]
Underfull \vbox (badness 2564) has occurred while \output is active
\vbox(640.187+0.0)x455.24408, glue set 2.95006
.\glue(\topskip) 2.00002
.\hbox(9.99998+2.79999)x455.24408, glue set 393.79416fil
..\cmr/bx/n/14 E
..\cmr/bx/n/14 x
..\cmr/bx/n/14 a
..\cmr/bx/n/14 m
..\cmr/bx/n/14 p
..etc.
.\penalty 10000
.\glue(\parskip) 0.0 plus 1.0
.\penalty 10000
.etc.

 [54]
[55] [56] [57] [58] [59] [60] [61] [62] [63]
Underfull \vbox (badness 10000) has occurred while \output is active
\vbox(640.187+0.0)x455.24408, glue set 580.187
.\glue(\topskip) 2.00002
.\hbox(9.99998+0.0)x455.24408, glue set 406.5275fil
..\cmr/bx/n/14 F
..\kern-1.35
..\cmr/bx/n/14 a
..\cmr/bx/n/14 i
..\cmr/bx/n/14 l
..etc.
.\penalty 10000
.\glue(\parskip) 0.0 plus 1.0
.\glue(\baselineskip) 7.66669
.etc.

 [64]
Underfull \vbox (badness 10000) has occurred while \output is active
\vbox(640.187+0.0)x455.24408, glue set 4.9489
.\glue(\topskip) 2.00002
.\hbox(9.99998+2.79999)x455.24408, glue set 393.79416fil
..\cmr/bx/n/14 E
..\cmr/bx/n/14 x
..\cmr/bx/n/14 a
..\cmr/bx/n/14 m
..\cmr/bx/n/14 p
..etc.
.\penalty 10000
.\glue(\parskip) 0.0 plus 1.0
.\penalty 10000
.etc.

 [65]
[66] [67] [68] [69] [70] [71] [72] [73] [74] [75] [76] [77] [78] [79] [80]
[81] [82] [83] [84] [85] [86] [87] [88] [89] [90] [91] [92] [93]) [94]
(theorems.tex
Chapter 4.
(theorems-intro.tex)) [95



] (index.tex [96



] [97] [98

]) (window.aux (title.aux)
(description.aux) (entries.aux) (theorems.aux) (index.aux)) ) 
Here is how much of TeX's memory you used:
 569 strings out of 4279
 4687 string characters out of 50686
 38746 words of memory out of 700001
 2577 multiletter control sequences out of 9500
 15201 words of font info for 60 fonts, out of 72000 for 255
 14 hyphenation exceptions out of 607
 21i,12n,17p,374b,399s stack positions out of 300i,40n,60p,3000b,4000s

Output written on window.dvi (100 pages, 169520 bytes).
