This is TeX, C Version 3.14t3 (format=lplain 93.11.24)  20 OCT 1994 20:11
**taut.tex
(taut.tex
LaTeX Version 2.09 <25 March 1992>
(/usr/local/dist/DIR/TeX/lib/inputs/latex/book.sty
Standard Document Style `book' <14 Jan 92>.
(/usr/local/dist/DIR/TeX/lib/inputs/latex/bk12.sty)
\descriptionmargin=\dimen99
\c@part=\count79
\c@chapter=\count80
\c@section=\count81
\c@subsection=\count82
\c@subsubsection=\count83
\c@paragraph=\count84
\c@subparagraph=\count85
\c@figure=\count86
\c@table=\count87
)
(/usr/local/dist/DIR/TeX/lib/inputs/latex/fleqn.sty
Document style option `fleqn' - Released 04 Nov 91
\mathindent=\dimen100
) (../../../Manual/LaTeX/alltt.sty) (../../../Manual/LaTeX/layout.sty
\temp=\box25
\@myenumdepth=\count88
\c@myenumi=\count89
)
(../../../Manual/LaTeX/commands.tex
\minipagewidth=\skip41
\hsbw=\skip42
\c@sessioncount=\count90
) (../../../Manual/LaTeX/ref-macros.tex)
\@indexfile=\write3

Writing index file taut.idx 
(taut.aux (title.aux) (description.aux) (entries.aux) (references.aux)
(index.aux)) (title.tex [1


] [2]) (taut.toc)
\tf@toc=\write4
 [3


] [4

] (description.tex
Chapter 1.
[1


] [2]) [3] (entries.tex [4



]
Chapter 2.
(entries-intro.tex) [5]
Underfull \vbox (badness 1810) has occurred while \output is active
\vbox(640.187+0.0)x455.24408, glue set 2.62823
.\glue(\topskip) 2.00002
.\hbox(9.99998+2.79999)x455.24408, glue set 393.79416fil
..\cmr/bx/n/14 E
..\cmr/bx/n/14 x
..\cmr/bx/n/14 a
..\cmr/bx/n/14 m
..\cmr/bx/n/14 p
..etc.
.\penalty 10000
.\glue(\parskip) 0.0 plus 1.0
.\penalty 10000
.etc.

 [6]
[7] [8] [9]) [10] (references.tex) [11



] (index.tex [12




]) (taut.aux (title.aux)
(description.aux) (entries.aux) (references.aux) (index.aux)) ) 
Here is how much of TeX's memory you used:
 557 strings out of 4279
 4581 string characters out of 50686
 38073 words of memory out of 700001
 2568 multiletter control sequences out of 9500
 14855 words of font info for 59 fonts, out of 72000 for 255
 14 hyphenation exceptions out of 607
 19i,12n,17p,189b,399s stack positions out of 300i,40n,60p,3000b,4000s

Output written on taut.dvi (16 pages, 22228 bytes).
