This is TeX, Version 3.14159 (C version 6.1) (format=latex 96.10.2)  29 OCT 1996 03:42
**talk.tex
(talk.tex
LaTeX2e <1996/06/01>
Hyphenation patterns for english, german, loaded.
(/usr/lib/texmf/texmf/tex/latex/base/latex209.def
File: latex209.def 1996/05/21 v0.51 Standard LaTeX file

Entering LaTeX 2.09 compatibility mode.
\footheight=\dimen102
\@maxsep=\dimen103
\@dblmaxsep=\dimen104
\@cla=\count79
\@clb=\count80
\mscount=\count81
(/usr/lib/texmf/texmf/tex/latex/base/tracefnt.sty
Package: tracefnt 1996/05/08 v3.0h Standard LaTeX package (font tracing)
\tracingfonts=\count82
LaTeX Info: Redefining \selectfont on input line 139.
)
\symbold=\mathgroup4
\symsans=\mathgroup5
\symtypewriter=\mathgroup6
\symitalic=\mathgroup7
\symsmallcaps=\mathgroup8
\symslanted=\mathgroup9
LaTeX Font Info:    Redeclaring math alphabet \mathbf on input line 307.
LaTeX Font Info:    Redeclaring math alphabet \mathsf on input line 308.
LaTeX Font Info:    Redeclaring math alphabet \mathtt on input line 309.
LaTeX Font Info:    Redeclaring math alphabet \mathit on input line 315.
LaTeX Info: Redefining \em on input line 325.

(/usr/lib/texmf/texmf/tex/latex/base/latexsym.sty
Package: latexsym 1995/11/28 v2.2c Standard LaTeX package (lasy symbols)
\symlasy=\mathgroup10
LaTeX Font Info:    Overwriting symbol font `lasy' in version `bold'
(Font)                  U/lasy/m/n --> U/lasy/b/n on input line 86.
)
LaTeX Font Info:    Redeclaring math delimiter \lgroup on input line 389.
LaTeX Font Info:    Redeclaring math delimiter \rgroup on input line 391.
LaTeX Font Info:    Redeclaring math delimiter \bracevert on input line 393.

(/usr/lib/texmf/texmf/tex/latex/config/latex209.cfg
(/usr/lib/texmf/texmf/tex/latex/tools/rawfonts.sty
Compatibility mode: package `' requested, but `rawfonts' provided.
Package: rawfonts 1994/05/08 Low-level LaTeX 2.09 font compatibility

(/usr/lib/texmf/texmf/tex/latex/tools/somedefs.sty
Package: somedefs 1994/06/01 Toolkit for optional definitions
)
LaTeX Font Info:    Try loading font information for U+lasy on input line 36.

(/usr/lib/texmf/texmf/tex/latex/base/Ulasy.fd
File: Ulasy.fd 1995/11/28 v2.2cLaTeX symbol font definitions
))))
(/usr/lib/texmf/texmf/tex/latex/seminar/seminar.cls
Document Class: seminar 1994/09/11, 1.0e
Document Style: `seminar' v1.0e <1994/09/11> (tvz)
\slidewidth=\dimen105
\slideheight=\dimen106
\footheight=\dimen107
(/usr/lib/texmf/texmf/tex/latex/base/article.cls
Document Class: article 1996/05/26 v1.3r Standard LaTeX document class
(/usr/lib/texmf/texmf/tex/latex/base/size10.clo
File: size10.clo 1996/05/26 v1.3r Standard LaTeX file (size option)
)
\c@part=\count83
\c@section=\count84
\c@subsection=\count85
\c@subsubsection=\count86
\c@paragraph=\count87
\c@subparagraph=\count88
\c@figure=\count89
\c@table=\count90
\abovecaptionskip=\skip41
\belowcaptionskip=\skip42
Compatibility mode: definition of \rm ignored.
Compatibility mode: definition of \sf ignored.
Compatibility mode: definition of \tt ignored.
Compatibility mode: definition of \bf ignored.
Compatibility mode: definition of \it ignored.
Compatibility mode: definition of \sl ignored.
Compatibility mode: definition of \sc ignored.
LaTeX Info: Redefining \cal on input line 543.
LaTeX Info: Redefining \mit on input line 544.
\bibindent=\dimen108
)
(/usr/lib/texmf/texmf/tex/latex/seminar/sem-page.sty)
\before@document=\toks15
\after@document=\toks16
\before@enddocument=\toks17
\c@slide=\count91
\slide@count=\count92
\@slidebox=\box26
\not@slidebox=\box27
\slide@hook=\toks18
\after@slide=\toks19
\slide@footins=\insert233
\slide@listdepth=\count93
\saved@specials=\box28
\before@newslide=\toks20
\after@slidepage=\toks21
\slidesep=\skip43
\c@note=\count94
\slideframewidth=\dimen109
\slideframesep=\dimen110
\semin=\dimen111
\semcm=\dimen112
)
(/usr/lib/texmf/texmf/tex/latex/seminar/fancybox.sty
Style option: `fancybox' v1.0 <93/02/10> (tvz)
\@fancybox=\box29
\shadowsize=\dimen113
\@Sbox=\box30
\do@VerbBox=\toks22
\the@fancyput=\toks23
\this@fancyput=\toks24
\EndVerbatimTokens=\toks25
\Verbatim@Outfile=\write3
\Verbatim@Infile=\read1
) (/usr/lib/texmf/texmf/tex/latex/seminar/sem-a4.sty
(/usr/lib/texmf/texmf/tex/latex/seminar/sem-page.sty))
(/homes/kxs/latex/itmath.sty

! LaTeX Error: *** NFSS release 1 command \define@mathgroup found
*** Recovery not possible. Use \DeclareSymbolFont.

See the LaTeX manual or LaTeX Companion for explanation.
Type  H <return>  for immediate help.
 ...                                              
                                                  
l.37 ^^I\define@mathgroup
                         \mv@normal{\itfam}{cmr}{m}{it}\fi
? 
! Interruption.
\GenericError  ...                                
                                                  \endgroup 
l.37 ^^I\define@mathgroup
                         \mv@normal{\itfam}{cmr}{m}{it}\fi
? X
 
Here is how much of TeX's memory you used:
 1003 strings out of 10915
 11021 string characters out of 72396
 56089 words of memory out of 262141
 3868 multiletter control sequences out of 9500
 18987 words of font info for 72 fonts, out of 150000 for 255
 14 hyphenation exceptions out of 607
 24i,0n,23p,322b,113s stack positions out of 300i,40n,60p,3000b,4000s
No pages of output.
