This is TeX, Version 3.1415 (C version 6.1) (format=latex 95.1.30)  29 OCT 1996 12:09
**talk1.tex
(talk1.tex
LaTeX2e <1994/12/01> patch level 1
(/usr/lib/tex/macros/latex2e/base/latex209.def
File: latex209.def 1994/11/28 v0.39 Standard LaTeX file

Entering LaTeX 2.09 compatibility mode.
\footheight=\dimen102
\@maxsep=\dimen103
\@dblmaxsep=\dimen104
(/usr/lib/tex/macros/latex2e/base/tracefnt.sty
Package: tracefnt 1994/11/18 v2.3m Standard LaTeX package (font tracing)
\tracingfonts=\count82
LaTeX Info: Redefining \selectfont on input line 101.
)
\symbold=\mathgroup4
\symsans=\mathgroup5
\symtypewriter=\mathgroup6
\symitalic=\mathgroup7
\symsmallcaps=\mathgroup8
\symslanted=\mathgroup9
LaTeX Font Info:    Redeclaring math alphabet \mathbf on input line 200.
LaTeX Font Info:    Redeclaring math alphabet \mathsf on input line 201.
LaTeX Font Info:    Redeclaring math alphabet \mathtt on input line 202.
LaTeX Font Info:    Redeclaring math alphabet \mathit on input line 208.
LaTeX Info: Redefining \em on input line 218.

(/usr/lib/tex/macros/latex2e/base/latexsym.sty
Package: latexsym 1994/09/25 v2.1f Standard LaTeX package (lasy symbols)
\symlasy=\mathgroup10
LaTeX Font Info:    Overwriting symbol font `lasy' in version `bold'
(Font)                  U/lasy/m/n --> U/lasy/b/n on input line 47.
)
LaTeX Font Info:    Redeclaring math delimiter \lgroup on input line 283.
LaTeX Font Info:    Redeclaring math delimiter \rgroup on input line 285.
LaTeX Font Info:    Redeclaring math delimiter \bracevert on input line 287.
)
(/usr/lib/tex/macros/seminar/seminar.cls
Document Class: seminar 1994/09/11, 1.0e
Document Style: `seminar' v1.0e <1994/09/11> (tvz)
\slidewidth=\dimen105
\slideheight=\dimen106
\footheight=\dimen107
(/usr/lib/tex/macros/latex2e/base/article.cls
Document Class: article 1994/12/09 v1.2x Standard LaTeX document class
(/usr/lib/tex/macros/latex2e/base/size10.clo
File: size10.clo 1994/12/09 v1.2x Standard LaTeX file (size option)
)
\c@part=\count83
\c@section=\count84
\c@subsection=\count85
\c@subsubsection=\count86
\c@paragraph=\count87
\c@subparagraph=\count88
\c@figure=\count89
\c@table=\count90
\abovecaptionskip=\skip41
\belowcaptionskip=\skip42
Compatibility mode: definition of \rm ignored.
Compatibility mode: definition of \sf ignored.
Compatibility mode: definition of \tt ignored.
Compatibility mode: definition of \bf ignored.
Compatibility mode: definition of \it ignored.
Compatibility mode: definition of \sl ignored.
Compatibility mode: definition of \sc ignored.
LaTeX Info: Redefining \cal on input line 455.
LaTeX Info: Redefining \mit on input line 456.
\bibindent=\dimen108
)
(/usr/lib/tex/macros/seminar/sem-page.sty)
\before@document=\toks14
\after@document=\toks15
\before@enddocument=\toks16
\c@slide=\count91
\slide@count=\count92
\@slidebox=\box26
\not@slidebox=\box27
\slide@hook=\toks17
\after@slide=\toks18
\slide@footins=\insert233
\slide@listdepth=\count93
\saved@specials=\box28
\before@newslide=\toks19
\after@slidepage=\toks20
\slidesep=\skip43
\c@note=\count94
\slideframewidth=\dimen109
\slideframesep=\dimen110
\semin=\dimen111
\semcm=\dimen112
)
(/usr/lib/tex/macros/seminar/fancybox.sty
Style option: `fancybox' v1.0 <93/02/10> (tvz)
\@fancybox=\box29
\shadowsize=\dimen113
\@Sbox=\box30
\do@VerbBox=\toks21
\the@fancyput=\toks22
\this@fancyput=\toks23
\EndVerbatimTokens=\toks24
\Verbatim@Outfile=\write3
\Verbatim@Infile=\read1
) (/usr/lib/tex/macros/seminar/sem-a4.sty
(/usr/lib/tex/macros/seminar/sem-page.sty))
(/usr/lib/tex/macros/ams/amsfonts/plaintex/amssym.def
\msafam=\mathgroup11
\msbfam=\mathgroup12
\eufmfam=\mathgroup13
)
(/usr/lib/tex/macros/ams/amsfonts/plaintex/amssym.tex) (talk1.aux)
LaTeX Font Info:    Checking defaults for OML/cmm/m/it on input line 34.
LaTeX Font Info:    ... okay on input line 34.
LaTeX Font Info:    Checking defaults for T1/cmr/m/n on input line 34.
LaTeX Font Info:    ... okay on input line 34.
LaTeX Font Info:    Checking defaults for OT1/cmr/m/n on input line 34.
LaTeX Font Info:    ... okay on input line 34.
LaTeX Font Info:    Checking defaults for OMS/cmsy/m/n on input line 34.
LaTeX Font Info:    ... okay on input line 34.
LaTeX Font Info:    Checking defaults for OMX/cmex/m/n on input line 34.
LaTeX Font Info:    ... okay on input line 34.
LaTeX Font Info:    Checking defaults for U/cmr/m/n on input line 34.
LaTeX Font Info:    ... okay on input line 34.
LaTeX Font Info:    External font `cmex10' loaded for size
(Font)              <7> on input line 561.
LaTeX Font Info:    External font `cmex10' loaded for size
(Font)              <5> on input line 561.
LaTeX Font Info:    Try loading font information for U+lasy on input line 561.

(/usr/lib/tex/macros/latex2e/base/Ulasy.fd
File: Ulasy.fd 1994/09/25 v2.1fLaTeX symbol font definitions
)
Overfull \hbox (114.22255pt too wide) detected at line 588
[]
 []

[1


]

LaTeX Warning: Slide 2 overfull by 7.27185pt on input line 590.

[2] [3

] [4

] [5

] [6

] [7

] [8]

*******************************************************
***** !! PRINT THIS DOCUMENT IN LANDSCAPE MODE !! *****
*******************************************************
(talk1.aux) ) 
Here is how much of TeX's memory you used:
 1132 strings out of 10950
 12032 string characters out of 73481
 58871 words of memory out of 262141
 3960 multiletter control sequences out of 9500
 11856 words of font info for 46 fonts, out of 100000 for 255
 14 hyphenation exceptions out of 607
 23i,8n,21p,167b,406s stack positions out of 300i,100n,60p,3000b,4000s

Output written on talk1.dvi (8 pages, 7340 bytes).
