This is TeX, C Version 3.14t3 (format=lplain 93.11.24)  20 OCT 1994 05:13
**pair.tex
(pair.tex
LaTeX Version 2.09 <25 March 1992>
(/usr/local/dist/DIR/TeX/lib/inputs/latex/book.sty
Standard Document Style `book' <14 Jan 92>.
(/usr/local/dist/DIR/TeX/lib/inputs/latex/bk12.sty)
\descriptionmargin=\dimen99
\c@part=\count79
\c@chapter=\count80
\c@section=\count81
\c@subsection=\count82
\c@subsubsection=\count83
\c@paragraph=\count84
\c@subparagraph=\count85
\c@figure=\count86
\c@table=\count87
)
(/usr/local/dist/DIR/TeX/lib/inputs/latex/fleqn.sty
Document style option `fleqn' - Released 04 Nov 91
\mathindent=\dimen100
) (../../../Manual/LaTeX/alltt.sty) (../../..//Manual/LaTeX/layout.sty
\temp=\box25
\@myenumdepth=\count88
\c@myenumi=\count89
)
(../../../Manual/LaTeX/commands.tex
\minipagewidth=\skip41
\hsbw=\skip42
\c@sessioncount=\count90
) (../../../Manual/LaTeX/ref-macros.tex)
\@indexfile=\write3

Writing index file pair.idx 
(pair.aux (title.aux) (description.aux) (entries.aux) (theorems.aux)
(index.aux)) (title.tex [1


] [2]) (pair.toc)
\tf@toc=\write4
 [1


] (description.tex [2


]
Chapter 1.
[3] [4

]
Chapter 2.
[5] [6]
Overfull \hbox (26.93895pt too wide) in paragraph at lines 245--255
 [] 

\hbox(46.49995+40.49995)x455.24408
.\glue(\leftskip) 0.0 plus 1.0fil
.\hbox(46.49995+40.49995)x482.18303
..\mathon
..\vbox(46.49995+40.49995)x482.18303
...\hbox(10.14995+4.35004)x482.18303 []
...\glue(\lineskip) 0.0
...\hbox(10.14995+4.35004)x482.18303 []
...\glue(\lineskip) 0.0
...\hbox(10.14995+4.35004)x482.18303 []
...etc.
..\mathoff
.\penalty 10000
.\glue(\parfillskip) 0.0
.\glue(\rightskip) 0.0 plus 1.0fil

) [7] (entries.tex [8



]
Chapter 3.
(entries-intro.tex) [9] [10] [11] [12] [13] [14] [15] [16] [17] [18] [19]
[20] [21] [22] [23] [24] [25] [26] [27] [28] [29] [30] [31] [32] [33] [34]
[35] [36] [37] [38] [39] [40] [41] [42] [43] [44] [45] [46] [47] [48] [49]
[50] [51] [52] [53] [54] [55] [56] [57] [58] [59]
Underfull \vbox (badness 2142) has occurred while \output is active
\vbox(640.187+0.0)x455.24408, glue set 2.77794
.\mark{{{Chapter\ 3. \ ML Functions in the pair Library}}{{\small \pbf PFORA\ET
C.}
.\glue(\topskip) 12.0
.\hbox(0.0+0.0)x455.24408, glue set 455.24408fil
..\hbox(0.0+0.0)x0.0
..\glue 0.0
..\hbox(0.0+0.0)x0.0
...\glue 0.0
...\glue 0.0
...\glue -5.87494
...\hbox(0.0+0.0)x0.0
...\glue 5.87494
..\penalty 0
..\glue(\rightskip) 0.0 plus 1.0fil
.\penalty 10300
.\glue(\lineskip) 1.0
.etc.

 [60]
[61] [62] [63] [64] [65] [66] [67] [68] [69] [70] [71] [72] [73] [74] [75]
Underfull \vbox (badness 7451) has occurred while \output is active
\vbox(640.187+0.0)x455.24408, glue set 4.2092
.\glue(\topskip) 2.12001
.\hbox(9.87999+0.0)x455.24408, glue set 422.62238fil
..\cmr/bx/n/14 U
..\cmr/bx/n/14 s
..\cmr/bx/n/14 e
..\cmr/bx/n/14 s
..\glue 0.0 plus 1.0fil minus 1.0fil
.\penalty 10000
.\glue(\parskip) 0.0 plus 1.0
.\glue(\baselineskip) 7.66669
.etc.

 [76]
[77] [78] [79] [80] [81] [82] [83] [84] [85] [86] [87] [88] [89] [90] [91]
[92] [93] [94] [95]) [96] (theorems.tex
Chapter 4.
(theorems-intro.tex)) [97



] (index.tex [98



] [99] [100

]) (pair.aux (title.aux)
(description.aux) (entries.aux) (theorems.aux) (index.aux)) ) 
Here is how much of TeX's memory you used:
 555 strings out of 4279
 4562 string characters out of 50686
 53003 words of memory out of 700001
 2565 multiletter control sequences out of 9500
 14502 words of font info for 58 fonts, out of 72000 for 255
 14 hyphenation exceptions out of 607
 21i,12n,17p,185b,395s stack positions out of 300i,40n,60p,3000b,4000s

Output written on pair.dvi (102 pages, 181048 bytes).
