

          HHH                 LL
          HHH                  LL
          HHH                   LL
          HHH                    LL
          HHH          OOOO       LL
          HHHHHHH     OO  OO       LL
          HHHHHHH     OO  OO       LLL
          HHH          OOOO        LLLL
          HHH                     LL  LL
          HHH                    LL    LL
          HHH                   LL      LL
          HHH                  LL        LL90.7

Created on Tue Nov 15 10:19:01 GMT 1994
using: Standard ML of New Jersey, Version 0.93, February 15, 1993


val it = () : unit
val it = () : unit
- [opening boolarith1.sml]

Declaring theory "boolarith1".

Theory "CSP_base" already consistent with disk, hence not exported.
val it = () : unit
val NOT_EQ = |- !t1 t2. (t1 = t2) = ~t1 = ~t2 : thm
val DISJ_ASSOC = |- !t1 t2 t3. t1 \/ t2 \/ t3 = (t1 \/ t2) \/ t3 : thm
val LEFT_CONJ_DISTRIB = |- !t1 t2 t3. t1 /\ (t2 \/ t3) = t1 /\ t2 \/ t1 /\ t3
  : thm
val RIGHT_CONJ_DISTRIB = |- !t1 t2 t3. (t2 \/ t3) /\ t1 = t2 /\ t1 \/ t3 /\ t1
  : thm
val LEFT_DISJ_DISTRIB = |- !t1 t2 t3. t1 \/ t2 /\ t3 = (t1 \/ t2) /\ (t1 \/ t3)
  : thm
val RIGHT_DISJ_DISTRIB =
  |- !t1 t2 t3. t2 /\ t3 \/ t1 = (t2 \/ t1) /\ (t3 \/ t1) : thm
val LEFT_DISJ_CONJ = |- !a b. a /\ b \/ b = b : thm
val GREATER_EQ = |- !a b. a >= b = b <= a : thm
val NOT_LEQ = |- !a b. ~(a <= b) = b < a : thm
val EQ_LEQ = |- !a b. (a = b) = a <= b /\ b <= a : thm
val NOT_EQ_LEQ = |- !a b. ~(a = b) = a < b \/ b < a : thm
val LESS_LESSEQ = |- !a b. a < b = a + 1 <= b : thm

Theory "boolarith1" exported.
val it = () : unit
val it = () : unit
Theory: boolarith1

Parents:
    CSP_base

Type constants:
    

Term constants:
    

Axioms:
    

Definitions:
    

Theorems:
    NOT_EQ |- !t1 t2. (t1 = t2) = ~t1 = ~t2
    DISJ_ASSOC |- !t1 t2 t3. t1 \/ t2 \/ t3 = (t1 \/ t2) \/ t3
    LEFT_CONJ_DISTRIB |- !t1 t2 t3. t1 /\ (t2 \/ t3) = t1 /\ t2 \/ t1 /\ t3
    RIGHT_CONJ_DISTRIB |- !t1 t2 t3. (t2 \/ t3) /\ t1 = t2 /\ t1 \/ t3 /\ t1
    LEFT_DISJ_DISTRIB |- !t1 t2 t3. t1 \/ t2 /\ t3 = (t1 \/ t2) /\ (t1 \/ t3)
    RIGHT_DISJ_DISTRIB |- !t1 t2 t3. t2 /\ t3 \/ t1 = (t2 \/ t1) /\ (t3 \/ t1)
    LEFT_DISJ_CONJ |- !a b. a /\ b \/ b = b
    GREATER_EQ |- !a b. a >= b = b <= a
    NOT_LEQ |- !a b. ~(a <= b) = b < a
    EQ_LEQ |- !a b. (a = b) = a <= b /\ b <= a
    NOT_EQ_LEQ |- !a b. ~(a = b) = a < b \/ b < a
    LESS_LESSEQ |- !a b. a < b = a + 1 <= b

Theory "boolarith1" is consistent with disk.
val it = () : unit
