

          HHH                 LL
          HHH                  LL
          HHH                   LL
          HHH                    LL
          HHH          OOOO       LL
          HHHHHHH     OO  OO       LL
          HHHHHHH     OO  OO       LLL
          HHH          OOOO        LLLL
          HHH                     LL  LL
          HHH                    LL    LL
          HHH                   LL      LL
          HHH                  LL        LL90.7

Created on Tue Nov 15 10:19:01 GMT 1994
using: Standard ML of New Jersey, Version 0.93, February 15, 1993


val it = () : unit
val it = () : unit
- [opening CSP.sml]

Declaring theory "CSP".

Theory "CSP_base" already consistent with disk, hence not exported.
val it = () : unit
val it = [(),(),(),()] : unit list

Theory "CSP" closed.
val it = () : unit

Theory "CSP" exported.
val it = () : unit
val it = () : unit
Theory: CSP

Parents:
    order
    par_laws
    after_laws
    csp_syntax
    CSP_base

Type constants:
    

Term constants:
    

Axioms:
    

Definitions:
    

Theorems:
    

Theory "CSP" is consistent with disk.
val it = () : unit
