

          HHH                 LL
          HHH                  LL
          HHH                   LL
          HHH                    LL
          HHH          OOOO       LL
          HHHHHHH     OO  OO       LL
          HHHHHHH     OO  OO       LLL
          HHH          OOOO        LLLL
          HHH                     LL  LL
          HHH                    LL    LL
          HHH                   LL      LL
          HHH                  LL        LL90.7

Created on Tue Nov 15 10:19:01 GMT 1994
using: Standard ML of New Jersey, Version 0.93, February 15, 1993


val it = () : unit
val it = () : unit
- [opening order.sml]

Declaring theory "order".

Theory "CSP_base" already consistent with disk, hence not exported.
val it = () : unit
val it = () : unit
val it = () : unit
val APPEND_EQ_NIL = |- !l1 l2. (APPEND l1 l2 = []) = (l1 = []) /\ (l2 = [])
  : thm
val APPEND_NIL = |- !l. APPEND l [] = l : thm
val APPEND_ID = |- !l l'. (l = APPEND l l') = l' = [] : thm
val it = () : unit
val PREFIX = |- !s t. s LEQ t = (?u. APPEND s u = t) : thm
val LEAST = |- !s. [] LEQ s : thm
val REFLEXIVE = |- !s. s LEQ s : thm
val ANTI_SYMM = |- !s t. s LEQ t /\ t LEQ s ==> (s = t) : thm
val TRANS_PREFIX = |- !s t v. s LEQ t /\ t LEQ v ==> s LEQ v : thm
val RIGHT_AND_EXISTS_TAC = fn : tactic
val ST_IND_PREFIX =
  |- !s t x. APPEND [x] s LEQ t = ~(t = []) /\ (x = HD t) /\ s LEQ TL t : thm
val ST_IND_PREFIX' =
  |- !s t x. CONS x s LEQ t = ~(t = []) /\ (x = HD t) /\ s LEQ TL t : thm
val TOT_ORDER_PREFIX = |- !s t v. s LEQ v /\ t LEQ v ==> s LEQ t \/ t LEQ s
  : thm
val IN_TRACE = |- !s t. s In t = (?u v. t = APPEND u (APPEND s v)) : thm
val MONOTONIC = |- !f. MONOTONIC f = (!s t. s LEQ t ==> f s LEQ f t) : thm

Theory "order" exported.
val it = () : unit
val it = () : unit
Theory: order

Parents:
    restrict
    CSP_base

Type constants:
    

Term constants:
    LEQ (Infix 450)   :'a list -> 'a list -> bool
    In (Infix 450)   :'a list -> 'a list -> bool
    MONOTONIC (Prefix)   :('a list -> 'a list) -> bool

Axioms:
    

Definitions:
    PREFIX |- !s t. s LEQ t = (?u. APPEND s u = t)
    IN_TRACE |- !s t. s In t = (?u v. t = APPEND u (APPEND s v))
    MONOTONIC |- !f. MONOTONIC f = (!s t. s LEQ t ==> f s LEQ f t)

Theorems:
    LEAST |- !s. [] LEQ s
    REFLEXIVE |- !s. s LEQ s
    ANTI_SYM |- !s t. s LEQ t /\ t LEQ s ==> (s = t)
    TRANS_PREFIX |- !s t v. s LEQ t /\ t LEQ v ==> s LEQ v
    ST_IND_PREFIX
    |- !s t x. APPEND [x] s LEQ t = ~(t = []) /\ (x = HD t) /\ s LEQ TL t
    ST_IND_PREFIX'
    |- !s t x. CONS x s LEQ t = ~(t = []) /\ (x = HD t) /\ s LEQ TL t
    TOT_ORDER_PREFIX |- !s t v. s LEQ v /\ t LEQ v ==> s LEQ t \/ t LEQ s

Theory "order" is consistent with disk.
val it = () : unit
