

          HHH                 LL
          HHH                  LL
          HHH                   LL
          HHH                    LL
          HHH          OOOO       LL
          HHHHHHH     OO  OO       LL
          HHHHHHH     OO  OO       LLL
          HHH          OOOO        LLLL
          HHH                     LL  LL
          HHH                    LL    LL
          HHH                   LL      LL
          HHH                  LL        LL90.7

Created on Tue Nov 15 10:19:01 GMT 1994
using: Standard ML of New Jersey, Version 0.93, February 15, 1993


val it = () : unit
val it = () : unit
- [opening restrict.sml]

Declaring theory "restrict".

Theory "CSP_base" already consistent with disk, hence not exported.
val it = () : unit
val it = [(),()] : unit list
val it = [(),(),()] : unit list
val NOT_LENGTH_EQ = |- !l2 l1. ~(LENGTH l1 = LENGTH l2) ==> ~(l1 = l2) : thm
val NOT_EQ_LEQ = |- !a b. ~(a = b) = a < b \/ b < a : thm
val INV_SUC_LEQ = |- !m n. SUC m <= SUC n = m <= n : thm
val LESS_EQ_0_N = |- !n. 0 <= n : thm
val it = [(),(),()] : unit list
val RESTRICT =
  |- (!A. RESTRICT [] A = []) /\
     (!x t A.
       RESTRICT (CONS x t) A =
       ((x IN A) => (CONS x (RESTRICT t A)) | (RESTRICT t A))) : thm
val STRICT_REST = |- !A. RESTRICT [] A = [] : thm
val DISTRIB_REST =
  |- !s t A. RESTRICT (APPEND s t) A = APPEND (RESTRICT s A) (RESTRICT t A)
  : thm
val RESTR_EMPTY = |- !s. RESTRICT s {} = [] : thm
val REP_RESTR = |- !s A B. RESTRICT (RESTRICT s A) B = RESTRICT s (A INTER B)
  : thm
val LEQ_ID = |- !m. m <= SUC m : thm
val MAX_LEN_REST = |- !A s. LENGTH (RESTRICT s A) <= LENGTH s : thm
val REST_LEMMA = |- !A s a. ~(LENGTH (RESTRICT s A) = LENGTH (CONS a s)) : thm
val REST_CONS_THM = |- !a A s. ~(RESTRICT s A = CONS a s) : thm

Theory "restrict" exported.
val it = () : unit
val it = () : unit
Theory: restrict

Parents:
    boolarith2
    traces
    CSP_base

Type constants:
    

Term constants:
    RESTRICT (Prefix)   :'a list -> 'a set -> 'a list

Axioms:
    

Definitions:
    RESTRICT
    |- (!A. RESTRICT [] A = []) /\
       (!x t A.
         RESTRICT (CONS x t) A =
         ((x IN A) => (CONS x (RESTRICT t A)) | (RESTRICT t A)))

Theorems:
    STRICT_REST |- !A. RESTRICT [] A = []
    DISTRIB_REST
    |- !s t A. RESTRICT (APPEND s t) A = APPEND (RESTRICT s A) (RESTRICT t A)
    RESTR_EMPTY |- !s. RESTRICT s {} = []
    REP_RESTR |- !s A B. RESTRICT (RESTRICT s A) B = RESTRICT s (A INTER B)
    MAX_LEN_REST |- !A s. LENGTH (RESTRICT s A) <= LENGTH s
    REST_LEMMA |- !A s a. ~(LENGTH (RESTRICT s A) = LENGTH (CONS a s))
    REST_CONS_THM |- !a A s. ~(RESTRICT s A = CONS a s)

Theory "restrict" is consistent with disk.
val it = () : unit
