

          HHH                 LL
          HHH                  LL
          HHH                   LL
          HHH                    LL
          HHH          OOOO       LL
          HHHHHHH     OO  OO       LL
          HHHHHHH     OO  OO       LLL
          HHH          OOOO        LLLL
          HHH                     LL  LL
          HHH                    LL    LL
          HHH                   LL      LL
          HHH                  LL        LL90.7

Created on Tue Nov 15 10:19:01 GMT 1994
using: Standard ML of New Jersey, Version 0.93, February 15, 1993


val it = () : unit
val it = () : unit
- [opening run.sml]

Declaring theory "run".

Theory "CSP_base" already consistent with disk, hence not exported.
val it = () : unit
val it = () : unit
val it = [(),()] : unit list
val TRACES_DEF = |- !P. TRACES P = SND (REP_process P) : thm
val ALPHA_DEF = |- !P. ALPHA P = FST (REP_process P) : thm
val IS_PROCESS =
  |- !A TR.
       IS_PROCESS (A,TR) =
       TR SUBSET STAR A /\ [] IN TR /\ (!s t. APPEND s t IN TR ==> s IN TR)
  : thm
val PROCESS_LEMMA6 = |- !r. IS_PROCESS r = REP_process (ABS_process r) = r
  : thm
val APPEND_STAR = |- !s t A. APPEND s t IN STAR A = s IN STAR A /\ t IN STAR A
  : thm
val NIL_IN_STAR = |- !A. [] IN STAR A : thm
val it = [(),()] : unit list
val IS_PROCESS_RUN = |- !A. IS_PROCESS (A,STAR A) : thm
val RUN_LEMMA1 = |- !A. REP_process (ABS_process (A,STAR A)) = (A,STAR A) : thm
val DEST_PROCESS = |- ?f. !A. (ALPHA (f A) = A) /\ (TRACES (f A) = STAR A)
  : thm
val RUN = |- !A. (ALPHA (RUN A) = A) /\ (TRACES (RUN A) = STAR A) : thm
val it = [|- !A. ALPHA (RUN A) = A,|- !A. TRACES (RUN A) = STAR A] : thm list

Theory "run" exported.
val it = () : unit
val it = () : unit
Theory: run

Parents:
    process_ty
    CSP_base

Type constants:
    

Term constants:
    RUN (Prefix)   :string set -> process

Axioms:
    

Definitions:
    RUN |- !A. (ALPHA (RUN A) = A) /\ (TRACES (RUN A) = STAR A)

Theorems:
    IS_PROCESS_RUN |- !A. IS_PROCESS (A,STAR A)
    ALPHA_RUN |- !A. ALPHA (RUN A) = A
    TRACES_RUN |- !A. TRACES (RUN A) = STAR A

Theory "run" is consistent with disk.
val it = () : unit
