

          HHH                 LL
          HHH                  LL
          HHH                   LL
          HHH                    LL
          HHH          OOOO       LL
          HHHHHHH     OO  OO       LL
          HHHHHHH     OO  OO       LLL
          HHH          OOOO        LLLL
          HHH                     LL  LL
          HHH                    LL    LL
          HHH                   LL      LL
          HHH                  LL        LL90.7

Created on Tue Nov 15 10:19:01 GMT 1994
using: Standard ML of New Jersey, Version 0.93, February 15, 1993


val it = () : unit
val it = () : unit
- [opening stop.sml]

Declaring theory "stop".

Theory "CSP_base" already consistent with disk, hence not exported.
val it = () : unit
val it = () : unit
val it = [(),(),()] : unit list
val APPEND_EQ_NIL = |- !l1 l2. (APPEND l1 l2 = []) = (l1 = []) /\ (l2 = [])
  : thm
val TRACES_DEF = |- !P. TRACES P = SND (REP_process P) : thm
val ALPHA_DEF = |- !P. ALPHA P = FST (REP_process P) : thm
val IS_PROCESS =
  |- !A TR.
       IS_PROCESS (A,TR) =
       TR SUBSET STAR A /\ [] IN TR /\ (!s t. APPEND s t IN TR ==> s IN TR)
  : thm
val PROCESS_LEMMA6 = |- !r. IS_PROCESS r = REP_process (ABS_process r) = r
  : thm
val STAR = |- !A. STAR A = {s | RESTRICT s A = s} : thm
val NIL_IN_STAR = |- !A. [] IN STAR A : thm
val it = [(),(),()] : unit list
val IS_PROCESS_STOP = |- !A. IS_PROCESS (A,{[]}) : thm
val STOP_LEMMA1 = |- !A. REP_process (ABS_process (A,{[]})) = (A,{[]}) : thm
val DEST_PROCESS = |- ?f. !x. (ALPHA (f x) = x) /\ (TRACES (f x) = {[]}) : thm
val STOP = |- !x. (ALPHA (STOP x) = x) /\ (TRACES (STOP x) = {[]}) : thm
val it = [|- !x. ALPHA (STOP x) = x,|- !x. TRACES (STOP x) = {[]}] : thm list

Theory "stop" exported.
val it = () : unit
val it = () : unit
Theory: stop

Parents:
    process_ty
    CSP_base

Type constants:
    

Term constants:
    STOP (Prefix)   :string set -> process

Axioms:
    

Definitions:
    STOP |- !x. (ALPHA (STOP x) = x) /\ (TRACES (STOP x) = {[]})

Theorems:
    IS_PROCESS_STOP |- !A. IS_PROCESS (A,{[]})
    ALPHA_STOP |- !x. ALPHA (STOP x) = x
    TRACES_STOP |- !x. TRACES (STOP x) = {[]}

Theory "stop" is consistent with disk.
val it = () : unit
