This is TeX, C Version 3.14t3 (format=lplain 93.11.24)  20 OCT 1994 05:39
**reduce.tex
(reduce.tex
LaTeX Version 2.09 <25 March 1992>
(/usr/local/dist/DIR/TeX/lib/inputs/latex/book.sty
Standard Document Style `book' <14 Jan 92>.
(/usr/local/dist/DIR/TeX/lib/inputs/latex/bk12.sty)
\descriptionmargin=\dimen99
\c@part=\count79
\c@chapter=\count80
\c@section=\count81
\c@subsection=\count82
\c@subsubsection=\count83
\c@paragraph=\count84
\c@subparagraph=\count85
\c@figure=\count86
\c@table=\count87
)
(/usr/local/dist/DIR/TeX/lib/inputs/latex/fleqn.sty
Document style option `fleqn' - Released 04 Nov 91
\mathindent=\dimen100
) (../../../Manual/LaTeX/alltt.sty) (../../../Manual/LaTeX/layout.sty
\temp=\box25
\@myenumdepth=\count88
\c@myenumi=\count89
)
(../../../Manual/LaTeX/commands.tex
\minipagewidth=\skip41
\hsbw=\skip42
\c@sessioncount=\count90
) (../../../Manual/LaTeX/ref-macros.tex)
\@indexfile=\write3

Writing index file reduce.idx 
(reduce.aux (title.aux) (description.aux) (entries.aux) (index.aux))
(title.tex [1


] [2]) (reduce.toc)
\tf@toc=\write4
 [3


] [4

] (description.tex
Chapter 1.
[1


] [2]) [3] (entries.tex [4



]
Chapter 2.
(entries-intro.tex) [5] [6] [7]
Underfull \vbox (badness 4108) has occurred while \output is active
\vbox(640.187+0.0)x455.24408, glue set 3.45206
.\glue(\topskip) 2.00002
.\hbox(9.99998+2.79999)x455.24408, glue set 393.79416fil
..\cmr/bx/n/14 E
..\cmr/bx/n/14 x
..\cmr/bx/n/14 a
..\cmr/bx/n/14 m
..\cmr/bx/n/14 p
..etc.
.\penalty 10000
.\glue(\parskip) 0.0 plus 1.0
.\penalty 10000
.etc.

 [8]
[9] [10]
Underfull \vbox (badness 1796) has occurred while \output is active
\vbox(640.187+0.0)x455.24408, glue set 2.61998
.\glue(\topskip) 2.00002
.\hbox(9.99998+2.79999)x455.24408, glue set 393.79416fil
..\cmr/bx/n/14 E
..\cmr/bx/n/14 x
..\cmr/bx/n/14 a
..\cmr/bx/n/14 m
..\cmr/bx/n/14 p
..etc.
.\penalty 10000
.\glue(\parskip) 0.0 plus 1.0
.\penalty 10000
.etc.

 [11]
Underfull \vbox (badness 1983) has occurred while \output is active
\vbox(640.187+0.0)x455.24408, glue set 2.70848
.\glue(\topskip) 2.00002
.\hbox(9.99998+2.79999)x455.24408, glue set 393.79416fil
..\cmr/bx/n/14 E
..\cmr/bx/n/14 x
..\cmr/bx/n/14 a
..\cmr/bx/n/14 m
..\cmr/bx/n/14 p
..etc.
.\penalty 10000
.\glue(\parskip) 0.0 plus 1.0
.\penalty 10000
.etc.

 [12]
Underfull \vbox (badness 1259) has occurred while \output is active
\vbox(640.187+0.0)x455.24408, glue set 2.32907
.\glue(\topskip) 2.00002
.\hbox(9.99998+2.79999)x455.24408, glue set 393.79416fil
..\cmr/bx/n/14 E
..\cmr/bx/n/14 x
..\cmr/bx/n/14 a
..\cmr/bx/n/14 m
..\cmr/bx/n/14 p
..etc.
.\penalty 10000
.\glue(\parskip) 0.0 plus 1.0
.\penalty 10000
.etc.

 [13]
Underfull \vbox (badness 1796) has occurred while \output is active
\vbox(640.187+0.0)x455.24408, glue set 2.61998
.\glue(\topskip) 2.00002
.\hbox(9.99998+2.79999)x455.24408, glue set 393.79416fil
..\cmr/bx/n/14 E
..\cmr/bx/n/14 x
..\cmr/bx/n/14 a
..\cmr/bx/n/14 m
..\cmr/bx/n/14 p
..etc.
.\penalty 10000
.\glue(\parskip) 0.0 plus 1.0
.\penalty 10000
.etc.

 [14]
Underfull \vbox (badness 4108) has occurred while \output is active
\vbox(640.187+0.0)x455.24408, glue set 3.45206
.\glue(\topskip) 2.00002
.\hbox(9.99998+2.79999)x455.24408, glue set 393.79416fil
..\cmr/bx/n/14 E
..\cmr/bx/n/14 x
..\cmr/bx/n/14 a
..\cmr/bx/n/14 m
..\cmr/bx/n/14 p
..etc.
.\penalty 10000
.\glue(\parskip) 0.0 plus 1.0
.\penalty 10000
.etc.

 [15]
[16]
Underfull \vbox (badness 1231) has occurred while \output is active
\vbox(640.187+0.0)x455.24408, glue set 2.31169
.\glue(\topskip) 2.00002
.\hbox(9.99998+2.79999)x455.24408, glue set 393.79416fil
..\cmr/bx/n/14 E
..\cmr/bx/n/14 x
..\cmr/bx/n/14 a
..\cmr/bx/n/14 m
..\cmr/bx/n/14 p
..etc.
.\penalty 10000
.\glue(\parskip) 0.0 plus 1.0
.\penalty 10000
.etc.

 [17]
[18] [19] [20] [21] [22] [23]) [24] (index.tex [25




]) (reduce.aux (title.aux)
(description.aux) (entries.aux) (index.aux)) ) 
Here is how much of TeX's memory you used:
 534 strings out of 4279
 4416 string characters out of 50686
 36383 words of memory out of 700001
 2563 multiletter control sequences out of 9500
 14508 words of font info for 58 fonts, out of 72000 for 255
 14 hyphenation exceptions out of 607
 19i,10n,17p,192b,395s stack positions out of 300i,40n,60p,3000b,4000s

Output written on reduce.dvi (29 pages, 34972 bytes).
