This is TeX, C Version 3.14t3 (format=lplain 93.11.24)  19 OCT 1994 06:37
**manual.tex
(manual.tex
LaTeX Version 2.09 <25 March 1992>
(/usr/local/dist/DIR/TeX/lib/inputs/latex/article.sty
Standard Document Style `article' <14 Jan 92>.
(/usr/local/dist/DIR/TeX/lib/inputs/latex/art11.sty)
\c@part=\count79
\c@section=\count80
\c@subsection=\count81
\c@subsubsection=\count82
\c@paragraph=\count83
\c@subparagraph=\count84
\c@figure=\count85
\c@table=\count86
) (manual.aux) [1

] [2]
Underfull \hbox (badness 10000) in paragraph at lines 150--152
[] []\cmr/m/n/11 Composition: \cmtt/m/n/11 val comp : ('a -> 'b) * (co -> 'a) -
> co -> 'b\cmr/m/n/11 . Se-man-tics:

\hbox(7.60416+2.43333)x456.32178, glue set 6.45152
.\hbox(0.0+0.0)x0.0
.\glue 0.0
.\hbox(7.05666+0.0)x0.0
..\glue 0.0
..\glue -21.90005
..\glue -5.475
..\hbox(7.05666+0.0)x21.90005, glue set 21.90005fil
...\glue 0.0 plus 1.0fil minus 1.0fil
...\hbox(7.05666+0.0)x0.0, glue set - 8.51668fil []
..\glue 5.475
.\penalty 0
.\cmr/m/n/11 C
.etc.


Underfull \hbox (badness 1701) in paragraph at lines 176--179
[] []\cmr/m/n/11 Pairwith : \cmtt/m/n/11 val pairwith : co * co -> co\cmr/m/n/1
1 . Se-man-tics: $[](\cmm/m/it/11 a; \cmsy/m/n/11 f\cmm/m/it/11 x[]; [] ; x[]\c
msy/m/n/11 g\cmr/m/n/11 ) =

\hbox(8.2125+2.73749)x456.32178, glue set 2.57341
.\hbox(0.0+0.0)x0.0
.\glue 0.0
.\hbox(7.05666+0.0)x0.0
..\glue 0.0
..\glue -21.90005
..\glue -5.475
..\hbox(7.05666+0.0)x21.90005, glue set 21.90005fil
...\glue 0.0 plus 1.0fil minus 1.0fil
...\hbox(7.05666+0.0)x0.0, glue set - 13.99168fil []
..\glue 5.475
.\penalty 0
.\cmr/m/n/11 P
.etc.

[3] [4]
Underfull \hbox (badness 1281) in paragraph at lines 280--297
\cmtt/m/n/11 -> bool) -> hol[]theory[]data -> bool\cmr/m/n/11 , and \cmtt/m/n/1
1 thm[]test : (thm -> bool) -> hol[]theory[]data

\hbox(7.60416+2.43333)x483.69684, glue set 2.34164
.\cmtt/m/n/11 -
.\cmtt/m/n/11 >
.\glue 5.74869
.\cmtt/m/n/11 b
.\cmtt/m/n/11 o
.etc.

[5] [6] [7] [8] [9] [10] [11] [12] [13] (manual.aux) ) 
Here is how much of TeX's memory you used:
 282 strings out of 4279
 2506 string characters out of 50686
 33670 words of memory out of 700001
 2406 multiletter control sequences out of 9500
 14818 words of font info for 59 fonts, out of 72000 for 255
 14 hyphenation exceptions out of 607
 16i,6n,15p,219b,257s stack positions out of 300i,40n,60p,3000b,4000s

Output written on manual.dvi (13 pages, 42632 bytes).
