This is TeX, C Version 3.14t3 (format=lplain 93.11.24)  20 OCT 1994 04:04
**abs_theory.tex
(abs_theory.tex
LaTeX Version 2.09 <25 March 1992>
(/usr/local/dist/DIR/TeX/lib/inputs/latex/book.sty
Standard Document Style `book' <14 Jan 92>.
(/usr/local/dist/DIR/TeX/lib/inputs/latex/bk12.sty)
\descriptionmargin=\dimen99
\c@part=\count79
\c@chapter=\count80
\c@section=\count81
\c@subsection=\count82
\c@subsubsection=\count83
\c@paragraph=\count84
\c@subparagraph=\count85
\c@figure=\count86
\c@table=\count87
)
(/usr/local/dist/DIR/TeX/lib/inputs/latex/fleqn.sty
Document style option `fleqn' - Released 04 Nov 91
\mathindent=\dimen100
) (../../../Manual/LaTeX/alltt.sty) (../../../Manual/LaTeX/layout.sty
\temp=\box25
\@myenumdepth=\count88
\c@myenumi=\count89
)
(../../../Manual/LaTeX/commands.tex
\minipagewidth=\skip41
\hsbw=\skip42
\c@sessioncount=\count90
) (../../../Manual/LaTeX/ref-macros.tex)
(hol_macros.tex)
\@indexfile=\write3

Writing index file abs_theory.idx 
(abs_theory.aux (title.aux) (description.aux) (entries.aux) (index.aux))
(title.tex [1


] [2]) (abs_theory.toc)
\tf@toc=\write4
 [1


] (description.tex [2


]
Chapter 1.
[3] [4] [5] [6]
Overfull \hbox (6.0pt too wide) in paragraph at lines 252--256
[]  

\hbox(25.10802+19.63304)x448.84409
.\hbox(25.10802+19.63304)x454.84409
..\mathon
..\vbox(25.10802+19.63304)x454.84409
...\hbox(40.66103+4.08003)x454.84409 []
..\mathoff
.\penalty 10000
.\glue(\parfillskip) 0.0 plus 1.0fil
.\glue(\rightskip) 0.0 plus 1.0fil

[7]
Overfull \hbox (6.0pt too wide) in paragraph at lines 261--268
[]  

\hbox(45.05177+39.57678)x448.84409
.\hbox(45.05177+39.57678)x454.84409
..\mathon
..\vbox(45.05177+39.57678)x454.84409
...\hbox(80.54852+4.08003)x454.84409 []
..\mathoff
.\penalty 10000
.\glue(\parfillskip) 0.0 plus 1.0fil
.\glue(\rightskip) 0.0 plus 1.0fil


Overfull \hbox (6.0pt too wide) in paragraph at lines 278--286
[]  

\hbox(45.50803+40.03305)x448.84409
.\hbox(45.50803+40.03305)x454.84409
..\mathon
..\vbox(45.50803+40.03305)x454.84409
...\hbox(81.46104+4.08003)x454.84409 []
..\mathoff
.\penalty 10000
.\glue(\parfillskip) 0.0 plus 1.0fil
.\glue(\rightskip) 0.0 plus 1.0fil


Overfull \hbox (6.0pt too wide) in paragraph at lines 298--303
[]  

\hbox(24.11948+18.64449)x448.84409
.\hbox(24.11948+18.64449)x454.84409
..\mathon
..\vbox(24.11948+18.64449)x454.84409
...\hbox(38.68393+4.08003)x454.84409 []
..\mathoff
.\penalty 10000
.\glue(\parfillskip) 0.0 plus 1.0fil
.\glue(\rightskip) 0.0 plus 1.0fil


Overfull \hbox (6.0pt too wide) in paragraph at lines 306--312
[]  

\hbox(32.36427+26.88928)x448.84409
.\hbox(32.36427+26.88928)x454.84409
..\mathon
..\vbox(32.36427+26.88928)x454.84409
...\hbox(55.17352+4.08003)x454.84409 []
..\mathoff
.\penalty 10000
.\glue(\parfillskip) 0.0 plus 1.0fil
.\glue(\rightskip) 0.0 plus 1.0fil

[8]
Overfull \hbox (6.0pt too wide) in paragraph at lines 316--328
[]  

\hbox(73.16429+67.6893)x448.84409
.\hbox(73.16429+67.6893)x454.84409
..\mathon
..\vbox(73.16429+67.6893)x454.84409
...\hbox(136.77356+4.08003)x454.84409 []
..\mathoff
.\penalty 10000
.\glue(\parfillskip) 0.0 plus 1.0fil
.\glue(\rightskip) 0.0 plus 1.0fil


Overfull \hbox (6.0pt too wide) in paragraph at lines 334--351
[]  

\hbox(107.1643+101.68932)x448.84409
.\hbox(107.1643+101.68932)x454.84409
..\mathon
..\vbox(107.1643+101.68932)x454.84409
...\hbox(204.77359+4.08003)x454.84409 []
..\mathoff
.\penalty 10000
.\glue(\parfillskip) 0.0 plus 1.0fil
.\glue(\rightskip) 0.0 plus 1.0fil


Overfull \hbox (6.0pt too wide) in paragraph at lines 354--367
[]  

\hbox(79.9643+74.4893)x448.84409
.\hbox(79.9643+74.4893)x454.84409
..\mathon
..\vbox(79.9643+74.4893)x454.84409
...\hbox(150.37357+4.08003)x454.84409 []
..\mathoff
.\penalty 10000
.\glue(\parfillskip) 0.0 plus 1.0fil
.\glue(\rightskip) 0.0 plus 1.0fil


Underfull \vbox (badness 10000) has occurred while \output is active
\vbox(640.187+0.0)x455.24408, glue set 5.66005
.\glue(\topskip) 3.66669
.\hbox(8.33331+2.33331)x455.24408, glue set 0.49094
..\hbox(0.0+0.0)x11.38109
..\cmr/m/n/12 W
..\kern-0.97916
..\cmr/m/n/12 e
..\glue 3.91663 plus 1.95831 minus 1.30554
..etc.
.\penalty 300
.\glue(\baselineskip) 5.33337
.\hbox(8.33331+2.33331)x455.24408, glue set 394.53638fil
..\cmr/m/n/12 i
..\cmr/m/n/12 m
..\cmr/m/n/12 p
..\cmr/m/n/12 l
..\cmr/m/n/12 i
..etc.
.etc.

 [9]
Overfull \hbox (6.0pt too wide) in paragraph at lines 370--385
[]  

\hbox(93.5643+88.08931)x448.84409
.\hbox(93.5643+88.08931)x454.84409
..\mathon
..\vbox(93.5643+88.08931)x454.84409
...\hbox(177.57358+4.08003)x454.84409 []
..\mathoff
.\penalty 10000
.\glue(\parfillskip) 0.0 plus 1.0fil
.\glue(\rightskip) 0.0 plus 1.0fil


Overfull \hbox (6.0pt too wide) in paragraph at lines 388--406
[]  

\hbox(112.2914+106.8164)x448.84409
.\hbox(112.2914+106.8164)x454.84409
..\mathon
..\vbox(112.2914+106.8164)x454.84409
...\hbox(215.02777+4.08003)x454.84409 []
..\mathoff
.\penalty 10000
.\glue(\parfillskip) 0.0 plus 1.0fil
.\glue(\rightskip) 0.0 plus 1.0fil

[10]
Overfull \hbox (6.0pt too wide) in paragraph at lines 419--435
[]  

\hbox(98.69139+93.2164)x448.84409
.\hbox(98.69139+93.2164)x454.84409
..\mathon
..\vbox(98.69139+93.2164)x454.84409
...\hbox(187.82776+4.08003)x454.84409 []
..\mathoff
.\penalty 10000
.\glue(\parfillskip) 0.0 plus 1.0fil
.\glue(\rightskip) 0.0 plus 1.0fil


Overfull \hbox (6.0pt too wide) in paragraph at lines 453--459
[]  

\hbox(38.70802+33.23305)x448.84409
.\hbox(38.70802+33.23305)x454.84409
..\mathon
..\vbox(38.70802+33.23305)x454.84409
...\hbox(67.86104+4.08003)x454.84409 []
..\mathoff
.\penalty 10000
.\glue(\parfillskip) 0.0 plus 1.0fil
.\glue(\rightskip) 0.0 plus 1.0fil


Underfull \vbox (badness 2865) has occurred while \output is active
\vbox(640.187+0.0)x455.24408, glue set 3.06218
.\glue(\topskip) 3.66669
.\hbox(8.33331+2.33331)x455.24408, glue set 0.1199
..\cmr/m/n/12 T
..\cmr/m/n/12 h
..\cmr/m/n/12 e
..\glue 3.91663 plus 1.95831 minus 1.30554
..\cmr/m/n/12 f
..etc.
.\penalty 150
.\glue(\baselineskip) 5.33337
.\hbox(8.33331+2.33331)x455.24408, glue set - 0.4335
..\cmr/m/n/12 a
..\cmr/m/n/12 b
..\cmr/m/n/12 s
..\cmr/m/n/12 t
..\cmr/m/n/12 r
..etc.
.etc.

 [11]
Overfull \hbox (6.0pt too wide) in paragraph at lines 465--475
[]  

\hbox(58.65178+53.17679)x448.84409
.\hbox(58.65178+53.17679)x454.84409
..\mathon
..\vbox(58.65178+53.17679)x454.84409
...\hbox(107.74854+4.08003)x454.84409 []
..\mathoff
.\penalty 10000
.\glue(\parfillskip) 0.0 plus 1.0fil
.\glue(\rightskip) 0.0 plus 1.0fil


Overfull \hbox (6.0pt too wide) in paragraph at lines 485--494
[]  

\hbox(59.10803+53.63306)x448.84409
.\hbox(59.10803+53.63306)x454.84409
..\mathon
..\vbox(59.10803+53.63306)x454.84409
...\hbox(108.66106+4.08003)x454.84409 []
..\mathoff
.\penalty 10000
.\glue(\parfillskip) 0.0 plus 1.0fil
.\glue(\rightskip) 0.0 plus 1.0fil


Overfull \hbox (6.0pt too wide) in paragraph at lines 501--512
[]  

\hbox(59.10803+53.63306)x448.84409
.\hbox(59.10803+53.63306)x454.84409
..\mathon
..\vbox(59.10803+53.63306)x454.84409
...\hbox(108.66106+4.08003)x454.84409 []
..\mathoff
.\penalty 10000
.\glue(\parfillskip) 0.0 plus 1.0fil
.\glue(\rightskip) 0.0 plus 1.0fil

[12]
Overfull \hbox (6.0pt too wide) in paragraph at lines 521--531
[]  

\hbox(52.30803+46.83305)x448.84409
.\hbox(52.30803+46.83305)x454.84409
..\mathon
..\vbox(52.30803+46.83305)x454.84409
...\hbox(95.06105+4.08003)x454.84409 []
..\mathoff
.\penalty 10000
.\glue(\parfillskip) 0.0 plus 1.0fil
.\glue(\rightskip) 0.0 plus 1.0fil


Overfull \hbox (19.85928pt too wide) in paragraph at lines 539--542
\cmr/m/n/12 the fol-low-ing check of the type of the ab-stract rep-re-sen-ta-ti
on vari-able [] in []: 

\hbox(8.33331+2.66666)x455.24408, glue set - 1.0
.\cmr/m/n/12 t
.\cmr/m/n/12 h
.\cmr/m/n/12 e
.\glue 3.91663 plus 1.95831 minus 1.30554
.\cmr/m/n/12 f
.etc.


Overfull \hbox (6.0pt too wide) in paragraph at lines 542--546
[]  

\hbox(25.56427+20.08928)x448.84409
.\hbox(25.56427+20.08928)x454.84409
..\mathon
..\vbox(25.56427+20.08928)x454.84409
...\hbox(41.57352+4.08003)x454.84409 []
..\mathoff
.\penalty 10000
.\glue(\parfillskip) 0.0 plus 1.0fil
.\glue(\rightskip) 0.0 plus 1.0fil


Overfull \hbox (6.0pt too wide) in paragraph at lines 551--571
[]  

\hbox(120.30806+114.83308)x448.84409
.\hbox(120.30806+114.83308)x454.84409
..\mathon
..\vbox(120.30806+114.83308)x454.84409
...\hbox(231.06111+4.08003)x454.84409 []
..\mathoff
.\penalty 10000
.\glue(\parfillskip) 0.0 plus 1.0fil
.\glue(\rightskip) 0.0 plus 1.0fil


Underfull \vbox (badness 1629) has occurred while \output is active
\vbox(640.187+0.0)x455.24408, glue set 2.5354
.\glue(\topskip) 0.0
.\hbox(64.61357+58.61356)x455.24408, glue set 0.1fil
..\hbox(0.0+0.0)x0.0
..\glue 0.0
..\hbox(0.0+0.0)x0.0
...\glue 0.0
...\glue 0.0
...\glue -5.87494
...\hbox(0.0+0.0)x0.0
...\glue 5.87494
..\penalty 0
..\hbox(64.61357+58.61356)x455.04408
...\mathon
...\vbox(64.61357+58.61356)x455.04408 []
...\mathoff
..etc.
.\penalty -51
.\glue 10.0 plus 4.0 minus 6.0
.\glue(\parskip) 0.0 plus 1.0
.etc.

 [13]
Overfull \hbox (6.0pt too wide) in paragraph at lines 580--599
[]  

\hbox(113.50806+108.03308)x448.84409
.\hbox(113.50806+108.03308)x454.84409
..\mathon
..\vbox(113.50806+108.03308)x454.84409
...\hbox(217.4611+4.08003)x454.84409 []
..\mathoff
.\penalty 10000
.\glue(\parfillskip) 0.0 plus 1.0fil
.\glue(\rightskip) 0.0 plus 1.0fil

[14]
Overfull \hbox (6.0pt too wide) in paragraph at lines 609--626
[]  

\hbox(106.70805+101.23308)x448.84409
.\hbox(106.70805+101.23308)x454.84409
..\mathon
..\vbox(106.70805+101.23308)x454.84409
...\hbox(203.8611+4.08003)x454.84409 []
..\mathoff
.\penalty 10000
.\glue(\parfillskip) 0.0 plus 1.0fil
.\glue(\rightskip) 0.0 plus 1.0fil


Overfull \hbox (22.99396pt too wide) in paragraph at lines 627--632
\cmr/m/n/12 be used. In this case, we use [] and so the tac-tic []

\hbox(8.33331+2.33331)x455.24408, glue set - 1.0
.\cmr/m/n/12 b
.\kern0.32639
.\cmr/m/n/12 e
.\glue 3.91663 plus 1.95831 minus 1.30554
.\cmr/m/n/12 u
.etc.


Overfull \hbox (6.0pt too wide) in paragraph at lines 638--646
[]  

\hbox(52.30803+46.83305)x448.84409
.\hbox(52.30803+46.83305)x454.84409
..\mathon
..\vbox(52.30803+46.83305)x454.84409
...\hbox(95.06105+4.08003)x454.84409 []
..\mathoff
.\penalty 10000
.\glue(\parfillskip) 0.0 plus 1.0fil
.\glue(\rightskip) 0.0 plus 1.0fil


Overfull \hbox (6.0pt too wide) in paragraph at lines 650--658
[]  

\hbox(51.85178+46.37679)x448.84409
.\hbox(51.85178+46.37679)x454.84409
..\mathon
..\vbox(51.85178+46.37679)x454.84409
...\hbox(94.14853+4.08003)x454.84409 []
..\mathoff
.\penalty 10000
.\glue(\parfillskip) 0.0 plus 1.0fil
.\glue(\rightskip) 0.0 plus 1.0fil

[15]
Overfull \hbox (25.78333pt too wide) in paragraph at lines 659--661
\cmr/m/n/12 Note that we have cre-ated our con-crete rep-re-sen-ta-tion us-ing 
[]. 

\hbox(8.33331+2.66666)x455.24408, glue set - 1.0
.\cmr/m/n/12 N
.\cmr/m/n/12 o
.\cmr/m/n/12 t
.\cmr/m/n/12 e
.\glue 3.91663 plus 1.95831 minus 1.30554
.etc.


Overfull \hbox (6.0pt too wide) in paragraph at lines 665--689
[]  

\hbox(153.54764+148.07266)x448.84409
.\hbox(153.54764+148.07266)x454.84409
..\mathon
..\vbox(153.54764+148.07266)x454.84409
...\hbox(297.54027+4.08003)x454.84409 []
..\mathoff
.\penalty 10000
.\glue(\parfillskip) 0.0 plus 1.0fil
.\glue(\rightskip) 0.0 plus 1.0fil

[16]) [17

] (entries.tex [18



]
Chapter 2.
(entries-intro.tex) [19] [20] [21]
Overfull \hbox (39.14307pt too wide) in paragraph at lines 145--146
[]\cmtt/m/n/11 instantiate_abstract_definition : string -> string -> thm -> (te
rm # term) list -> thm 

\hbox(7.60416+2.43333)x455.24408
.\hbox(0.0+0.0)x0.0
.\cmtt/m/n/11 i
.\cmtt/m/n/11 n
.\cmtt/m/n/11 s
.\cmtt/m/n/11 t
.etc.


Overfull \hbox (67.8865pt too wide) in paragraph at lines 171--172
[]\cmtt/m/n/11 instantiate_abstract_theorem : string -> string -> (term # term)
 list -> (thm) list) -> thm 

\hbox(7.60416+2.43333)x455.24408
.\hbox(0.0+0.0)x0.0
.\cmtt/m/n/11 i
.\cmtt/m/n/11 n
.\cmtt/m/n/11 s
.\cmtt/m/n/11 t
.etc.

[22] [23] [24] [25] [26] [27]) [28] (index.tex [29




]) (abs_theory.aux
(title.aux) (description.aux) (entries.aux) (index.aux)) ) 
Here is how much of TeX's memory you used:
 596 strings out of 4279
 4818 string characters out of 50686
 40226 words of memory out of 700001
 2620 multiletter control sequences out of 9500
 14839 words of font info for 60 fonts, out of 72000 for 255
 14 hyphenation exceptions out of 607
 20i,17n,17p,258b,676s stack positions out of 300i,40n,60p,3000b,4000s

Output written on abs_theory.dvi (31 pages, 65940 bytes).
