This is TeX, C Version 3.14t3 (format=lplain 93.11.24)  2 AUG 1994 19:27
**abs_theory.tex
(abs_theory.tex
LaTeX Version 2.09 <25 March 1992>
(/usr/local/dist/DIR/TeX/lib/inputs/latex/article.sty
Standard Document Style `article' <14 Jan 92>.
(/usr/local/dist/DIR/TeX/lib/inputs/latex/art10.sty)
\c@part=\count79
\c@section=\count80
\c@subsection=\count81
\c@subsubsection=\count82
\c@paragraph=\count83
\c@subparagraph=\count84
\c@figure=\count85
\c@table=\count86
)
(/usr/wiss/slind/../nipkow/LaTeX/a4.sty
Page Layout 'a4' -- version of 9 Jun 1986.
)
No file abs_theory.aux.
[1

] [2] [3] [4] [5] [6] [7] [8] [9] [10] (abs_theory.aux) ) 
Here is how much of TeX's memory you used:
 254 strings out of 4279
 2342 string characters out of 50686
 33678 words of memory out of 700001
 2391 multiletter control sequences out of 9500
 11365 words of font info for 46 fonts, out of 72000 for 255
 14 hyphenation exceptions out of 607
 16i,9n,15p,151b,270s stack positions out of 300i,40n,60p,3000b,4000s

Output written on abs_theory.dvi (10 pages, 24776 bytes).
