This is TeX, Version 3.1415 (C version 6.1) (format=latex 95.1.30)  29 SEP 1995 18:41
**retrieve.tex
(retrieve.tex
LaTeX2e <1994/12/01> patch level 1
(/usr/lib/tex/macros/latex2e/base/latex209.def
File: latex209.def 1994/11/28 v0.39 Standard LaTeX file

Entering LaTeX 2.09 compatibility mode.
\footheight=\dimen102
\@maxsep=\dimen103
\@dblmaxsep=\dimen104
(/usr/lib/tex/macros/latex2e/base/tracefnt.sty
Package: tracefnt 1994/11/18 v2.3m Standard LaTeX package (font tracing)
\tracingfonts=\count82
LaTeX Info: Redefining \selectfont on input line 101.
)
\symbold=\mathgroup4
\symsans=\mathgroup5
\symtypewriter=\mathgroup6
\symitalic=\mathgroup7
\symsmallcaps=\mathgroup8
\symslanted=\mathgroup9
LaTeX Font Info:    Redeclaring math alphabet \mathbf on input line 200.
LaTeX Font Info:    Redeclaring math alphabet \mathsf on input line 201.
LaTeX Font Info:    Redeclaring math alphabet \mathtt on input line 202.
LaTeX Font Info:    Redeclaring math alphabet \mathit on input line 208.
LaTeX Info: Redefining \em on input line 218.

(/usr/lib/tex/macros/latex2e/base/latexsym.sty
Package: latexsym 1994/09/25 v2.1f Standard LaTeX package (lasy symbols)
\symlasy=\mathgroup10
LaTeX Font Info:    Overwriting symbol font `lasy' in version `bold'
(Font)                  U/lasy/m/n --> U/lasy/b/n on input line 47.
)
LaTeX Font Info:    Redeclaring math delimiter \lgroup on input line 283.
LaTeX Font Info:    Redeclaring math delimiter \rgroup on input line 285.
LaTeX Font Info:    Redeclaring math delimiter \bracevert on input line 287.
)
(/usr/lib/tex/macros/latex2e/base/book.cls
Document Class: book 1994/12/09 v1.2x Standard LaTeX document class
(/usr/lib/tex/macros/latex2e/base/fleqn.clo
File: fleqn.clo 1994/12/09 v1.2x Standard LaTeX option (flush left equations)
\mathindent=\dimen105
)
(/usr/lib/tex/macros/latex2e/base/bk12.clo
File: bk12.clo 1994/12/09 v1.2x Standard LaTeX file (size option)
)
\c@part=\count83
\c@chapter=\count84
\c@section=\count85
\c@subsection=\count86
\c@subsubsection=\count87
\c@paragraph=\count88
\c@subparagraph=\count89
\c@figure=\count90
\c@table=\count91
\abovecaptionskip=\skip41
\belowcaptionskip=\skip42
Compatibility mode: definition of \rm ignored.
Compatibility mode: definition of \sf ignored.
Compatibility mode: definition of \tt ignored.
Compatibility mode: definition of \bf ignored.
Compatibility mode: definition of \it ignored.
Compatibility mode: definition of \sl ignored.
Compatibility mode: definition of \sc ignored.
LaTeX Info: Redefining \cal on input line 509.
LaTeX Info: Redefining \mit on input line 510.
\bibindent=\dimen106
) (../../../Manual/LaTeX/alltt.sty)
(../../../Manual/LaTeX/layout.sty
\temp=\box26
\@myenumdepth=\count92
\c@myenumi=\count93
) (../../../Manual/LaTeX/commands.tex
\minipagewidth=\skip43
\hsbw=\skip44
\c@sessioncount=\count94
)
(../../../Manual/LaTeX/ref-macros.tex)
\@indexfile=\write3

Writing index file retrieve.idx 
(retrieve.aux (title.aux) (description.aux) (entries.aux) (references.aux)
(index.aux))
LaTeX Font Info:    Checking defaults for OML/cmm/m/it on input line 21.
LaTeX Font Info:    ... okay on input line 21.
LaTeX Font Info:    Checking defaults for T1/cmr/m/n on input line 21.
LaTeX Font Info:    ... okay on input line 21.
LaTeX Font Info:    Checking defaults for OT1/cmr/m/n on input line 21.
LaTeX Font Info:    ... okay on input line 21.
LaTeX Font Info:    Checking defaults for OMS/cmsy/m/n on input line 21.
LaTeX Font Info:    ... okay on input line 21.
LaTeX Font Info:    Checking defaults for OMX/cmex/m/n on input line 21.
LaTeX Font Info:    ... okay on input line 21.
LaTeX Font Info:    Checking defaults for U/cmr/m/n on input line 21.
LaTeX Font Info:    ... okay on input line 21.
 (title.tex [1



]
LaTeX Font Info:    Try loading font information for OMS+cmr on input line 64.
 (/usr/lib/tex/macros/latex2e/base/OMScmr.fd
File: OMScmr.fd 1994/12/02 v2.3e Standard LaTeX font definitions
)
LaTeX Font Info:    Font shape `OMS/cmr/m/n' in size <12> not available
(Font)              Font shape `OMS/cmsy/m/n' tried instead on input line 64.

[2]) (retrieve.toc
LaTeX Font Info:    External font `cmex10' loaded for size
(Font)              <12> on input line 2.
LaTeX Font Info:    External font `cmex10' loaded for size
(Font)              <8> on input line 2.
LaTeX Font Info:    External font `cmex10' loaded for size
(Font)              <6> on input line 2.
LaTeX Font Info:    Try loading font information for U+lasy on input line 2.
 (/usr/lib/tex/macros/latex2e/base/Ulasy.fd
File: Ulasy.fd 1994/09/25 v2.1fLaTeX symbol font definitions
))
\tf@toc=\write4
 [3


] [4

]
(description.tex
Chapter 1.
[1


] [2] [3] [4

]
Chapter 2.
(simple.tex [5]
Underfull \vbox (badness 3168) has occurred while \output is active []

 [6])
(patterns.tex
Underfull \vbox (badness 2582) has occurred while \output is active []

 [7]
[8] [9]) (paths.tex [10] [11]) (sidecond.tex [12] [13] [14] [15]) (errors.tex
[16]) [17] [18

]
Chapter 3.
) [19] (entries.tex [20



]
Chapter 4.
(entries-intro.tex) [21] [22] [23] [24] [25] [26] [27] [28] [29] [30] [31]
[32] [33] [34] [35] [36] [37] [38] [39] [40] [41] [42] [43] [44]) [45]
(references.tex [46



]) [47] (index.tex [48



] [49

]) (retrieve.aux (title.aux)
(description.aux) (entries.aux) (references.aux) (index.aux)) ) 
Here is how much of TeX's memory you used:
 738 strings out of 10950
 7017 string characters out of 73481
 56863 words of memory out of 262141
 3453 multiletter control sequences out of 9500
 15455 words of font info for 56 fonts, out of 100000 for 255
 14 hyphenation exceptions out of 607
 23i,11n,25p,254b,439s stack positions out of 300i,100n,60p,3000b,4000s

Output written on retrieve.dvi (53 pages, 95904 bytes).
