This is TeX, C Version 3.14t3 (format=lplain 93.11.24)  20 OCT 1994 06:09
**unwind.tex
(unwind.tex
LaTeX Version 2.09 <25 March 1992>
(/usr/local/dist/DIR/TeX/lib/inputs/latex/book.sty
Standard Document Style `book' <14 Jan 92>.
(/usr/local/dist/DIR/TeX/lib/inputs/latex/bk12.sty)
\descriptionmargin=\dimen99
\c@part=\count79
\c@chapter=\count80
\c@section=\count81
\c@subsection=\count82
\c@subsubsection=\count83
\c@paragraph=\count84
\c@subparagraph=\count85
\c@figure=\count86
\c@table=\count87
)
(/usr/local/dist/DIR/TeX/lib/inputs/latex/fleqn.sty
Document style option `fleqn' - Released 04 Nov 91
\mathindent=\dimen100
) (../../../Manual/LaTeX/alltt.sty) (../../../Manual/LaTeX/layout.sty
\temp=\box25
\@myenumdepth=\count88
\c@myenumi=\count89
)
(../../../Manual/LaTeX/commands.tex
\minipagewidth=\skip41
\hsbw=\skip42
\c@sessioncount=\count90
) (../../../Manual/LaTeX/ref-macros.tex)
\@indexfile=\write3

Writing index file unwind.idx 
(unwind.aux (title.aux) (description.aux) (entries.aux) (references.aux)
(index.aux)) (title.tex [1


] [2]) (unwind.toc)
\tf@toc=\write4
 [3


] [4

] (description.tex
Chapter 1.

Underfull \vbox (badness 4660) has occurred while \output is active
\vbox(640.187+0.0)x455.24408, glue set 3.60243
.\write-{}
.\write-{}
.\write2{\@writefile{toc}{\string\contentsline\space {chapter}{\string\numberl\
ETC.}
.\mark{{{Chapter\ 1. \ The unwind Library}}{}}
.\write2{\@writefile{lof}{\string\addvspace\space {10\p@ }}}
.etc.

 [1


]
[2] [3] [4] [5] [6] [7]) [8] [9] (entries.tex [10



]
Chapter 2.
(entries-intro.tex)
Underfull \vbox (badness 2865) has occurred while \output is active
\vbox(640.187+0.0)x455.24408, glue set 3.06163
.\write2{\@writefile{toc}{\string\contentsline\space {chapter}{\string\numberl\
ETC.}
.\mark{{{Chapter\ 2. \ ML Functions in the unwind Library}}{}}
.\write2{\@writefile{lof}{\string\addvspace\space {10\p@ }}}
.\write2{\@writefile{lot}{\string\addvspace\space {10\p@ }}}
.\glue(\topskip) 2.00002
.etc.

 [11]
[12] [13] [14] [15] [16] [17]
Underfull \vbox (badness 10000) has occurred while \output is active
\vbox(640.187+0.0)x455.24408, glue set 4.56073
.\mark{{{Chapter\ 2. \ ML Functions in the unwind Library}}{{\small \pbf EXP\ET
C.}
.\glue(\topskip) 12.0
.\hbox(0.0+0.0)x455.24408, glue set 455.24408fil
..\hbox(0.0+0.0)x0.0
..\glue 0.0
..\hbox(0.0+0.0)x0.0
...\glue 0.0
...\glue 0.0
...\glue -5.87494
...\hbox(0.0+0.0)x0.0
...\glue 5.87494
..\penalty 0
..\glue(\rightskip) 0.0 plus 1.0fil
.\penalty 10300
.\glue(\lineskip) 1.0
.etc.

 [18]
[19] [20] [21] [22] [23] [24] [25] [26] [27] [28] [29] [30] [31] [32] [33]
[34] [35] [36] [37] [38]) [39] (references.tex [40



]) [41] (index.tex [42



])
(unwind.aux (title.aux) (description.aux) (entries.aux) (references.aux)
(index.aux)) ) 
Here is how much of TeX's memory you used:
 559 strings out of 4279
 4629 string characters out of 50686
 40563 words of memory out of 700001
 2570 multiletter control sequences out of 9500
 14855 words of font info for 59 fonts, out of 72000 for 255
 14 hyphenation exceptions out of 607
 19i,12n,17p,178b,399s stack positions out of 300i,40n,60p,3000b,4000s

Output written on unwind.dvi (46 pages, 75640 bytes).
